<?xml version="1.0" encoding="UTF-8"?>
<!-- Generated by org.testng.reporters.JUnitReportReporter -->
<testsuite hostname="Vijulin" name="com.nk.tests.AdvancedSearchTest" tests="1" failures="0" timestamp="2 Aug 2015 07:19:39 GMT" time="44.966" errors="0">
  <testcase name="search" time="44.966" classname="com.nk.tests.AdvancedSearchTest"/>
</testsuite> <!-- com.nk.tests.AdvancedSearchTest -->
