<?xml version="1.0" encoding="UTF-8"?>
<!-- Generated by org.testng.reporters.JUnitReportReporter -->
<testsuite hostname="Vijulin" name="com.nk.tests.SimpleTitleTest" tests="1" failures="0" timestamp="2 Aug 2015 08:23:14 GMT" time="0.295" errors="0">
  <testcase name="search" time="0.295" classname="com.nk.tests.SimpleTitleTest"/>
</testsuite>
